0 - Thu Dec 21 16:02:30 2023 - A new data.csv file has been created.
1 - Thu Dec 21 16:02:33 2023 - Sensor node 15 has opened a new connection.
2 - Thu Dec 21 16:02:33 2023 - Data insertion from sensor 15 succeeded.
3 - Thu Dec 21 16:02:34 2023 - Data insertion from sensor 15 succeeded.
4 - Thu Dec 21 16:02:35 2023 - Data insertion from sensor 15 succeeded.
5 - Thu Dec 21 16:02:35 2023 - Sensor node 21 has opened a new connection.
6 - Thu Dec 21 16:02:35 2023 - Sensor node 21 reports it's too hot (avg temp = 20.168502).
7 - Thu Dec 21 16:02:35 2023 - Data insertion from sensor 21 succeeded.
8 - Thu Dec 21 16:02:36 2023 - Data insertion from sensor 15 succeeded.
9 - Thu Dec 21 16:02:37 2023 - Data insertion from sensor 15 succeeded.
10 - Thu Dec 21 16:02:37 2023 - Sensor node 37 has opened a new connection.
11 - Thu Dec 21 16:02:37 2023 - Sensor node 37 reports it's too hot (avg temp = 20.039304).
12 - Thu Dec 21 16:02:37 2023 - Data insertion from sensor 37 succeeded.
13 - Thu Dec 21 16:02:38 2023 - Data insertion from sensor 15 succeeded.
14 - Thu Dec 21 16:02:38 2023 - Data insertion from sensor 21 succeeded.
15 - Thu Dec 21 16:02:38 2023 - Sensor node 21 reports it's too hot (avg temp = 20.198421).
16 - Thu Dec 21 16:02:39 2023 - Data insertion from sensor 15 succeeded.
17 - Thu Dec 21 16:02:39 2023 - Data insertion from sensor 37 succeeded.
18 - Thu Dec 21 16:02:40 2023 - Data insertion from sensor 15 succeeded.
19 - Thu Dec 21 16:02:41 2023 - Data insertion from sensor 15 succeeded.
20 - Thu Dec 21 16:02:41 2023 - Sensor node 21 reports it's too hot (avg temp = 20.136534).
21 - Thu Dec 21 16:02:41 2023 - Data insertion from sensor 21 succeeded.
22 - Thu Dec 21 16:02:41 2023 - Data insertion from sensor 37 succeeded.
23 - Thu Dec 21 16:02:42 2023 - Data insertion from sensor 15 succeeded.
24 - Thu Dec 21 16:02:43 2023 - Data insertion from sensor 15 succeeded.
25 - Thu Dec 21 16:02:43 2023 - Data insertion from sensor 37 succeeded.
26 - Thu Dec 21 16:02:44 2023 - Data insertion from sensor 15 succeeded.
27 - Thu Dec 21 16:02:44 2023 - Sensor node 21 reports it's too hot (avg temp = 20.129281).
28 - Thu Dec 21 16:02:44 2023 - Data insertion from sensor 21 succeeded.
29 - Thu Dec 21 16:02:45 2023 - Data insertion from sensor 15 succeeded.
30 - Thu Dec 21 16:02:45 2023 - Data insertion from sensor 37 succeeded.
31 - Thu Dec 21 16:02:46 2023 - Data insertion from sensor 15 succeeded.
32 - Thu Dec 21 16:02:47 2023 - Data insertion from sensor 15 succeeded.
33 - Thu Dec 21 16:02:47 2023 - Sensor node 21 reports it's too hot (avg temp = 20.084765).
34 - Thu Dec 21 16:02:47 2023 - Data insertion from sensor 21 succeeded.
35 - Thu Dec 21 16:02:47 2023 - Data insertion from sensor 37 succeeded.
36 - Thu Dec 21 16:02:48 2023 - Data insertion from sensor 15 succeeded.
37 - Thu Dec 21 16:02:48 2023 - Sensor node 21 has closed the connection.
38 - Thu Dec 21 16:02:48 2023 - Sensor node 15 has closed the connection.
39 - Thu Dec 21 16:02:48 2023 - Sensor node 37 has closed the connection.
40 - Thu Dec 21 16:02:48 2023 - The data.csv file has been closed.
