0 - Tue Nov 22 10:36:48 2022 - Data file opened.
1 - Tue Nov 22 10:36:48 2022 - Data inserted.
2 - Tue Nov 22 10:36:48 2022 - Data inserted.
3 - Tue Nov 22 10:36:48 2022 - Data inserted.
4 - Tue Nov 22 10:36:48 2022 - Data inserted.
5 - Tue Nov 22 10:36:48 2022 - Data file closed.
0 - Sat Nov 11 13:01:06 2023 - Data file opened.
1 - Sat Nov 11 13:01:07 2023 - Data inserted.
2 - Sat Nov 11 13:01:07 2023 - Data inserted.
3 - Sat Nov 11 13:01:07 2023 - Data inserted.
0 - Sat Nov 11 13:01:29 2023 - Data file opened.
1 - Sat Nov 11 13:01:30 2023 - Data inserted.
2 - Sat Nov 11 13:01:30 2023 - Data inserted.
3 - Sat Nov 11 13:01:30 2023 - Data inserted.
4 - Sat Nov 11 13:01:35 2023 - Data inserted.
5 - Sat Nov 11 13:01:35 2023 - Data file closed.
0 - Sat Nov 11 13:02:15 2023 - Data file opened.
1 - Sat Nov 11 13:02:16 2023 - Data inserted.
2 - Sat Nov 11 13:02:16 2023 - Data inserted.
3 - Sat Nov 11 13:02:16 2023 - Data inserted.
4 - Sat Nov 11 13:02:21 2023 - Data inserted.
5 - Sat Nov 11 13:02:21 2023 - Data file closed.
0 - Sat Nov 11 13:29:55 2023 - Data file opened.
1 - Sat Nov 11 13:29:56 2023 - Data inserted.
2 - Sat Nov 11 13:29:56 2023 - Data inserted.
3 - Sat Nov 11 13:29:56 2023 - Data inserted.
4 - Sat Nov 11 13:30:01 2023 - Data inserted.
5 - Sat Nov 11 13:30:01 2023 - Data file closed.
1 - Thu Nov 16 12:21:23 2023 - Log file is geopend
1 - Thu Nov 16 12:21:24 2023 - De sensor is toegevoegd
1 - Thu Nov 16 12:21:24 2023 - De sensor is toegevoegd
1 - Thu Nov 16 12:21:24 2023 - De sensor is toegevoegd
1 - Thu Nov 16 12:21:29 2023 - De sensor is toegevoegd
1 - Thu Nov 16 12:21:29 2023 - Het csv bestand is gesloten
1 - Thu Nov 16 12:24:12 2023 - Log file is geopend
1 - Thu Nov 16 12:24:13 2023 - De sensor is toegevoegd
1 - Thu Nov 16 12:24:13 2023 - De sensor is toegevoegd
1 - Thu Nov 16 12:24:13 2023 - De sensor is toegevoegd
1 - Thu Nov 16 12:24:18 2023 - De sensor is toegevoegd
1 - Thu Nov 16 12:24:18 2023 - Het csv bestand is gesloten
1 - Thu Nov 16 12:24:43 2023 - Log file is geopend
1 - Thu Nov 16 12:24:44 2023 - De sensor is toegevoegd
1 - Thu Nov 16 12:24:44 2023 - De sensor is toegevoegd
1 - Thu Nov 16 12:24:44 2023 - De sensor is toegevoegd
1 - Thu Nov 16 12:24:49 2023 - De sensor is toegevoegd
1 - Thu Nov 16 12:24:49 2023 - Het csv bestand is gesloten
1 - Thu Nov 16 12:26:13 2023 - Data file opened.
1 - Thu Nov 16 12:26:14 2023 - Data inserted.
1 - Thu Nov 16 12:26:14 2023 - Data inserted.
1 - Thu Nov 16 12:26:14 2023 - Data inserted.
1 - Thu Nov 16 12:26:19 2023 - Data inserted.
1 - Thu Nov 16 12:26:19 2023 - Data file closed.
1 - Fri Nov 17 13:58:43 2023 - Data file opened.
1 - Fri Nov 17 13:58:44 2023 - Data inserted.
1 - Fri Nov 17 13:58:44 2023 - Data inserted.
1 - Fri Nov 17 13:58:44 2023 - Data inserted.
1 - Fri Nov 17 13:58:49 2023 - Data inserted.
1 - Fri Nov 17 13:58:49 2023 - Data file closed.
1 - Sun Nov 19 21:43:18 2023 - Data file opened.
1 - Sun Nov 19 21:43:19 2023 - Data inserted.
1 - Sun Nov 19 21:43:19 2023 - Data inserted.
1 - Sun Nov 19 21:43:19 2023 - Data inserted.
1 - Sun Nov 19 21:43:24 2023 - Data inserted.
1 - Sun Nov 19 21:43:24 2023 - Data file closed.
1 - Sun Nov 19 21:51:26 2023 - Data file opened.
1 - Sun Nov 19 21:51:27 2023 - Data inserted.
1 - Sun Nov 19 21:51:27 2023 - Data inserted.
1 - Sun Nov 19 21:51:27 2023 - Data inserted.
1 - Sun Nov 19 21:51:33 2023 - Data inserted.
1 - Sun Nov 19 21:51:33 2023 - Data file closed.
